[33m[nodemon] 3.1.4[39m
[33m[nodemon] to restart at any time, enter `rs`[39m
[33m[nodemon] watching path(s): *.*[39m
[33m[nodemon] watching extensions: html,css,js[39m
[32m[nodemon] starting `node ,node_modules/ ./server-dev.js`[39m
[31m[nodemon] app crashed - waiting for file changes before starting...[39m
[33m[nodemon] 3.1.4[39m
[33m[nodemon] to restart at any time, enter `rs`[39m
[33m[nodemon] watching path(s): *.*[39m
[33m[nodemon] watching extensions: html,css,js[39m
[32m[nodemon] starting `node ,node_modules/ ./server-dev.js`[39m
[31m[nodemon] app crashed - waiting for file changes before starting...[39m
[33m[nodemon] 3.1.4[39m
[33m[nodemon] to restart at any time, enter `rs`[39m
[33m[nodemon] watching path(s): *.*[39m
[33m[nodemon] watching extensions: html,css,js[39m
[32m[nodemon] starting `node node_modules/ ./server-dev.js`[39m
[31m[nodemon] app crashed - waiting for file changes before starting...[39m
[33m[nodemon] 3.1.4[39m
[33m[nodemon] to restart at any time, enter `rs`[39m
[33m[nodemon] watching path(s): *.*[39m
[33m[nodemon] watching extensions: html,css,js[39m
[32m[nodemon] starting `node ./server-dev.js`[39m
[31m[nodemon] app crashed - waiting for file changes before starting...[39m
[33m[nodemon] 3.1.4[39m
[33m[nodemon] to restart at any time, enter `rs`[39m
[33m[nodemon] watching path(s): *.*[39m
[33m[nodemon] watching extensions: html,css,js[39m
[32m[nodemon] starting `node ./server-dev.js`[39m
[31m[nodemon] app crashed - waiting for file changes before starting...[39m
[33m[nodemon] 3.1.4[39m
[33m[nodemon] to restart at any time, enter `rs`[39m
[33m[nodemon] watching path(s): *.*[39m
[33m[nodemon] watching extensions: html,css,js[39m
[32m[nodemon] starting `node ./server-dev.js`[39m
[31m[nodemon] app crashed - waiting for file changes before starting...[39m
[33m[nodemon] 3.1.4[39m
[33m[nodemon] to restart at any time, enter `rs`[39m
[33m[nodemon] watching path(s): *.*[39m
[33m[nodemon] watching extensions: html,css,js[39m
[32m[nodemon] starting `node ./server-dev.js`[39m
INFO Web server listening on port 3000
[33m[nodemon] 3.1.4[39m
[33m[nodemon] to restart at any time, enter `rs`[39m
[33m[nodemon] watching path(s): *.*[39m
[33m[nodemon] watching extensions: html,css,js[39m
[32m[nodemon] starting `node ./server-dev.js`[39m
INFO Web server listening on port 3000
[32m[nodemon] restarting due to changes...[39m
[32m[nodemon] starting `node ./server-dev.js`[39m
INFO Web server listening on port 3000
